<?xml version="1.0" encoding="UTF-8"?>
<testsuite xmlns:xsi="http://www.w3.org/2001/XMLSchema-instance" xsi:noNamespaceSchemaLocation="https://maven.apache.org/surefire/maven-surefire-plugin/xsd/surefire-test-report-3.0.xsd" version="3.0" name="com.CarpinteriaSpringBoot.app.TallerMecanicaApplicationTests" time="3.358" tests="1" errors="0" skipped="0" failures="0">
  <properties>
[...]
</properties>
  <testcase name="contextLoads" classname="com.CarpinteriaSpringBoot.app.TallerMecanicaApplicationTests" time="0.665">
    <system-out><![CDATA[00:10:40.583 [main] INFO org.springframework.test.context.support.AnnotationConfigContextLoaderUtils -- Could not detect default configuration classes for test class [com.CarpinteriaSpringBoot.app.TallerMecanicaApplicationTests]: TallerMecanicaApplicationTests does not declare any static, non-private, non-final, nested classes annotated with @Configuration.
00:10:40.670 [main] INFO org.springframework.boot.test.context.SpringBootTestContextBootstrapper -- Found @SpringBootConfiguration com.CarpinteriaSpringBoot.app.TallerMecanicaApplication for test class com.CarpinteriaSpringBoot.app.TallerMecanicaApplicationTests
00:10:40.794 [main] INFO org.springframework.boot.devtools.restart.RestartApplicationListener -- Restart disabled due to context in which it is running

  .   ____          _            __ _ _
 /\\ / ___'_ __ _ _(_)_ __  __ _ \ \ \ \
( ( )\___ | '_ | '_| | '_ \/ _` | \ \ \ \
 \\/  ___)| |_)| | | | | || (_| |  ) ) ) )
  '  |____| .__|_| |_|_| |_\__, | / / / /
 =========|_|==============|___/=/_/_/_/

 :: Spring Boot ::                (v3.3.5)

2025-05-31T00:10:41.009-05:00  INFO 4812 --- [TallerMecanica] [           main] c.C.app.TallerMecanicaApplicationTests   : Starting TallerMecanicaApplicationTests using Java 21.0.6 with PID 4812 (started by johan in D:\Documentos\Universidad ing. sistemas\6 semestre\Desarrollo de aplicaciones empresariales\2 CORTE\Carpinteria-Morguelo-s-Wood-master)
2025-05-31T00:10:41.010-05:00  INFO 4812 --- [TallerMecanica] [           main] c.C.app.TallerMecanicaApplicationTests   : No active profile set, falling back to 1 default profile: "default"
2025-05-31T00:10:41.034-05:00 DEBUG 4812 --- [TallerMecanica] [           main] o.s.w.c.s.GenericWebApplicationContext   : Refreshing org.springframework.web.context.support.GenericWebApplicationContext@255990cc
2025-05-31T00:10:41.581-05:00  INFO 4812 --- [TallerMecanica] [           main] .s.d.r.c.RepositoryConfigurationDelegate : Bootstrapping Spring Data MongoDB repositories in DEFAULT mode.
2025-05-31T00:10:41.644-05:00  INFO 4812 --- [TallerMecanica] [           main] .s.d.r.c.RepositoryConfigurationDelegate : Finished Spring Data repository scanning in 58 ms. Found 7 MongoDB repository interfaces.
2025-05-31T00:10:42.120-05:00  INFO 4812 --- [TallerMecanica] [           main] org.mongodb.driver.client                : MongoClient with metadata {"driver": {"name": "mongo-java-driver|sync|spring-boot", "version": "5.0.1"}, "os": {"type": "Windows", "name": "Windows 11", "architecture": "amd64", "version": "10.0"}, "platform": "Java/Eclipse Adoptium/21.0.6+7-LTS"} created with settings MongoClientSettings{readPreference=primary, writeConcern=WriteConcern{w=null, wTimeout=null ms, journal=null}, retryWrites=true, retryReads=true, readConcern=ReadConcern{level=null}, credential=MongoCredential{mechanism=null, userName='JohanCristancho', source='admin', password=<hidden>, mechanismProperties=<hidden>}, transportSettings=null, commandListeners=[], codecRegistry=ProvidersCodecRegistry{codecProviders=[ValueCodecProvider{}, BsonValueCodecProvider{}, DBRefCodecProvider{}, DBObjectCodecProvider{}, DocumentCodecProvider{}, CollectionCodecProvider{}, IterableCodecProvider{}, MapCodecProvider{}, GeoJsonCodecProvider{}, GridFSFileCodecProvider{}, Jsr310CodecProvider{}, JsonObjectCodecProvider{}, BsonCodecProvider{}, EnumCodecProvider{}, com.mongodb.client.model.mql.ExpressionCodecProvider@34be065a, com.mongodb.Jep395RecordCodecProvider@718f805a, com.mongodb.KotlinCodecProvider@e09f1b6]}, loggerSettings=LoggerSettings{maxDocumentLength=1000}, clusterSettings={hosts=[127.0.0.1:27017], srvHost=cluster0.wnjmrdm.mongodb.net, srvServiceName=mongodb, mode=MULTIPLE, requiredClusterType=REPLICA_SET, requiredReplicaSetName='atlas-1258ue-shard-0', serverSelector='null', clusterListeners='[]', serverSelectionTimeout='30000 ms', localThreshold='15 ms'}, socketSettings=SocketSettings{connectTimeoutMS=10000, readTimeoutMS=0, receiveBufferSize=0, proxySettings=ProxySettings{host=null, port=null, username=null, password=null}}, heartbeatSocketSettings=SocketSettings{connectTimeoutMS=10000, readTimeoutMS=10000, receiveBufferSize=0, proxySettings=ProxySettings{host=null, port=null, username=null, password=null}}, connectionPoolSettings=ConnectionPoolSettings{maxSize=100, minSize=0, maxWaitTimeMS=120000, maxConnectionLifeTimeMS=0, maxConnectionIdleTimeMS=0, maintenanceInitialDelayMS=0, maintenanceFrequencyMS=60000, connectionPoolListeners=[], maxConnecting=2}, serverSettings=ServerSettings{heartbeatFrequencyMS=10000, minHeartbeatFrequencyMS=500, serverListeners='[]', serverMonitorListeners='[]'}, sslSettings=SslSettings{enabled=true, invalidHostNameAllowed=false, context=null}, applicationName='null', compressorList=[], uuidRepresentation=JAVA_LEGACY, serverApi=null, autoEncryptionSettings=null, dnsClient=null, inetAddressResolver=null, contextProvider=null}
2025-05-31T00:10:42.173-05:00  INFO 4812 --- [TallerMecanica] [rdm.mongodb.net] org.mongodb.driver.cluster               : Adding discovered server ac-cqg0ncj-shard-00-02.wnjmrdm.mongodb.net:27017 to client view of cluster
2025-05-31T00:10:42.216-05:00  INFO 4812 --- [TallerMecanica] [rdm.mongodb.net] org.mongodb.driver.cluster               : Adding discovered server ac-cqg0ncj-shard-00-00.wnjmrdm.mongodb.net:27017 to client view of cluster
2025-05-31T00:10:42.219-05:00  INFO 4812 --- [TallerMecanica] [rdm.mongodb.net] org.mongodb.driver.cluster               : Adding discovered server ac-cqg0ncj-shard-00-01.wnjmrdm.mongodb.net:27017 to client view of cluster
2025-05-31T00:10:42.784-05:00  INFO 4812 --- [TallerMecanica] [           main] o.s.b.a.w.s.WelcomePageHandlerMapping    : Adding welcome page template: index
2025-05-31T00:10:42.880-05:00 DEBUG 4812 --- [TallerMecanica] [           main] s.w.s.m.m.a.RequestMappingHandlerMapping : 82 mappings in 'requestMappingHandlerMapping'
2025-05-31T00:10:42.968-05:00 DEBUG 4812 --- [TallerMecanica] [           main] o.s.w.s.handler.SimpleUrlHandlerMapping  : Patterns [/webjars/**, /**] in 'resourceHandlerMapping'
2025-05-31T00:10:43.013-05:00 DEBUG 4812 --- [TallerMecanica] [           main] s.w.s.m.m.a.RequestMappingHandlerAdapter : ControllerAdvice beans: 0 @ModelAttribute, 0 @InitBinder, 1 RequestBodyAdvice, 1 ResponseBodyAdvice
2025-05-31T00:10:43.049-05:00 DEBUG 4812 --- [TallerMecanica] [           main] .m.m.a.ExceptionHandlerExceptionResolver : ControllerAdvice beans: 0 @ExceptionHandler, 1 ResponseBodyAdvice
2025-05-31T00:10:43.132-05:00  INFO 4812 --- [TallerMecanica] [           main] c.C.app.TallerMecanicaApplicationTests   : Started TallerMecanicaApplicationTests in 2.354 seconds (process running for 3.116)
2025-05-31T00:10:43.197-05:00  INFO 4812 --- [TallerMecanica] [ngodb.net:27017] org.mongodb.driver.cluster               : Monitor thread successfully connected to server with description ServerDescription{address=ac-cqg0ncj-shard-00-01.wnjmrdm.mongodb.net:27017, type=REPLICA_SET_PRIMARY, state=CONNECTED, ok=true, minWireVersion=0, maxWireVersion=25, maxDocumentSize=16777216, logicalSessionTimeoutMinutes=30, roundTripTimeNanos=565677700, setName='atlas-1258ue-shard-0', canonicalAddress=ac-cqg0ncj-shard-00-01.wnjmrdm.mongodb.net:27017, hosts=[ac-cqg0ncj-shard-00-00.wnjmrdm.mongodb.net:27017, ac-cqg0ncj-shard-00-02.wnjmrdm.mongodb.net:27017, ac-cqg0ncj-shard-00-01.wnjmrdm.mongodb.net:27017], passives=[], arbiters=[], primary='ac-cqg0ncj-shard-00-01.wnjmrdm.mongodb.net:27017', tagSet=TagSet{[Tag{name='availabilityZone', value='sae1-az3'}, Tag{name='diskState', value='READY'}, Tag{name='nodeType', value='ELECTABLE'}, Tag{name='provider', value='AWS'}, Tag{name='region', value='SA_EAST_1'}, Tag{name='workloadType', value='OPERATIONAL'}]}, electionId=7fffffff000000000000008b, setVersion=12, topologyVersion=TopologyVersion{processId=683a29d4e6102d2ad62bebf8, counter=6}, lastWriteDate=Sat May 31 00:12:04 COT 2025, lastUpdateTimeNanos=35229922710700}
2025-05-31T00:10:43.197-05:00  INFO 4812 --- [TallerMecanica] [ngodb.net:27017] org.mongodb.driver.cluster               : Monitor thread successfully connected to server with description ServerDescription{address=ac-cqg0ncj-shard-00-00.wnjmrdm.mongodb.net:27017, type=REPLICA_SET_SECONDARY, state=CONNECTED, ok=true, minWireVersion=0, maxWireVersion=25, maxDocumentSize=16777216, logicalSessionTimeoutMinutes=30, roundTripTimeNanos=566042200, setName='atlas-1258ue-shard-0', canonicalAddress=ac-cqg0ncj-shard-00-00.wnjmrdm.mongodb.net:27017, hosts=[ac-cqg0ncj-shard-00-00.wnjmrdm.mongodb.net:27017, ac-cqg0ncj-shard-00-02.wnjmrdm.mongodb.net:27017, ac-cqg0ncj-shard-00-01.wnjmrdm.mongodb.net:27017], passives=[], arbiters=[], primary='ac-cqg0ncj-shard-00-01.wnjmrdm.mongodb.net:27017', tagSet=TagSet{[Tag{name='availabilityZone', value='sae1-az1'}, Tag{name='diskState', value='READY'}, Tag{name='nodeType', value='ELECTABLE'}, Tag{name='provider', value='AWS'}, Tag{name='region', value='SA_EAST_1'}, Tag{name='workloadType', value='OPERATIONAL'}]}, electionId=null, setVersion=12, topologyVersion=TopologyVersion{processId=683a2aab8a65f651bb7a44e0, counter=4}, lastWriteDate=Sat May 31 00:12:04 COT 2025, lastUpdateTimeNanos=35229922712400}
2025-05-31T00:10:43.199-05:00  INFO 4812 --- [TallerMecanica] [ngodb.net:27017] org.mongodb.driver.cluster               : Monitor thread successfully connected to server with description ServerDescription{address=ac-cqg0ncj-shard-00-02.wnjmrdm.mongodb.net:27017, type=REPLICA_SET_SECONDARY, state=CONNECTED, ok=true, minWireVersion=0, maxWireVersion=25, maxDocumentSize=16777216, logicalSessionTimeoutMinutes=30, roundTripTimeNanos=555219700, setName='atlas-1258ue-shard-0', canonicalAddress=ac-cqg0ncj-shard-00-02.wnjmrdm.mongodb.net:27017, hosts=[ac-cqg0ncj-shard-00-00.wnjmrdm.mongodb.net:27017, ac-cqg0ncj-shard-00-02.wnjmrdm.mongodb.net:27017, ac-cqg0ncj-shard-00-01.wnjmrdm.mongodb.net:27017], passives=[], arbiters=[], primary='ac-cqg0ncj-shard-00-01.wnjmrdm.mongodb.net:27017', tagSet=TagSet{[Tag{name='availabilityZone', value='sae1-az2'}, Tag{name='diskState', value='READY'}, Tag{name='nodeType', value='ELECTABLE'}, Tag{name='provider', value='AWS'}, Tag{name='region', value='SA_EAST_1'}, Tag{name='workloadType', value='OPERATIONAL'}]}, electionId=null, setVersion=12, topologyVersion=TopologyVersion{processId=683a2c02c875989021b42a6b, counter=3}, lastWriteDate=Sat May 31 00:12:04 COT 2025, lastUpdateTimeNanos=35229927459300}
2025-05-31T00:10:43.200-05:00  INFO 4812 --- [TallerMecanica] [ngodb.net:27017] org.mongodb.driver.cluster               : Discovered replica set primary ac-cqg0ncj-shard-00-01.wnjmrdm.mongodb.net:27017 with max election id 7fffffff000000000000008b and max set version 12
]]></system-out>
    <system-err><![CDATA[WARNING: A Java agent has been loaded dynamically (C:\Users\johan\.m2\repository\net\bytebuddy\byte-buddy-agent\1.14.19\byte-buddy-agent-1.14.19.jar)
WARNING: If a serviceability tool is in use, please run with -XX:+EnableDynamicAgentLoading to hide this warning
WARNING: If a serviceability tool is not in use, please run with -Djdk.instrument.traceUsage for more information
WARNING: Dynamic loading of agents will be disallowed by default in a future release
]]></system-err>
  </testcase>
</testsuite>